c:\users\irawo\source\repos\leaguewindows\leaguewindows\debug\vc142.pdb
c:\users\irawo\source\repos\leaguewindows\leaguewindows\debug\vc142.idb
c:\users\irawo\source\repos\leaguewindows\leaguewindows\debug\utility.obj
c:\users\irawo\source\repos\leaguewindows\leaguewindows\debug\scene.obj
c:\users\irawo\source\repos\leaguewindows\leaguewindows\debug\interfaces.obj
c:\users\irawo\source\repos\leaguewindows\leaguewindows\debug\main.obj
c:\users\irawo\source\repos\leaguewindows\leaguewindows\debug\hud.obj
c:\users\irawo\source\repos\leaguewindows\leaguewindows\debug\engine.obj
c:\users\irawo\source\repos\leaguewindows\leaguewindows\debug\banana.obj
c:\users\irawo\source\repos\leaguewindows\debug\leaguewindows.pdb
c:\users\irawo\source\repos\leaguewindows\leaguewindows\debug\leaguewindows.tlog\cl.command.1.tlog
c:\users\irawo\source\repos\leaguewindows\leaguewindows\debug\leaguewindows.tlog\cl.read.1.tlog
c:\users\irawo\source\repos\leaguewindows\leaguewindows\debug\leaguewindows.tlog\cl.write.1.tlog
c:\users\irawo\source\repos\leaguewindows\leaguewindows\debug\leaguewindows.tlog\link-cvtres.read.1.tlog
c:\users\irawo\source\repos\leaguewindows\leaguewindows\debug\leaguewindows.tlog\link-cvtres.write.1.tlog
c:\users\irawo\source\repos\leaguewindows\leaguewindows\debug\leaguewindows.tlog\link-rc.read.1.tlog
c:\users\irawo\source\repos\leaguewindows\leaguewindows\debug\leaguewindows.tlog\link-rc.write.1.tlog
c:\users\irawo\source\repos\leaguewindows\leaguewindows\debug\leaguewindows.tlog\link.command.1.tlog
c:\users\irawo\source\repos\leaguewindows\leaguewindows\debug\leaguewindows.tlog\link.read.1.tlog
c:\users\irawo\source\repos\leaguewindows\leaguewindows\debug\leaguewindows.tlog\link.write.1.tlog
